<?xml version="1.0" encoding="UTF-8"?>
<!-- Generated by org.testng.reporters.JUnitReportReporter -->
<testsuite hostname="DESKTOP-VPOPJRD" failures="0" tests="1" name="runners.TestRunner" time="1.355" errors="0" timestamp="2021-08-02T06:46:28 EET" skipped="0">
  <testcase classname="runners.TestRunner" name="runScenario" time="1.355"/>
  <system-out/>
</testsuite> <!-- runners.TestRunner -->
