<?xml version="1.0" encoding="UTF-8"?>
<!-- Generated by org.testng.reporters.JUnitReportReporter -->
<testsuite hostname="DESKTOP-VPOPJRD" failures="0" tests="1" name="tests.UserRegistrationTest" time="1.525" errors="0" timestamp="2021-06-19T05:49:35 EET" skipped="0">
  <testcase classname="tests.UserRegistrationTest" name="userRegisterSuccessfully" time="1.525"/>
  <system-out/>
</testsuite> <!-- tests.UserRegistrationTest -->
