<?xml version="1.0" encoding="UTF-8"?>
<!-- Generated by org.testng.reporters.JUnitReportReporter -->
<testsuite hostname="DESKTOP-VPOPJRD" failures="0" tests="1" name="tests.UserRegistrationTest" time="4.030" errors="0" timestamp="2021-08-04T16:29:34 EET" skipped="0">
  <testcase classname="tests.UserRegistrationTest" name="userRegisterSuccessfully" time="4.030"/>
  <system-out/>
</testsuite> <!-- tests.UserRegistrationTest -->
